<?xml version="1.0" encoding="UTF-8"?>
<!-- Generated by org.testng.reporters.JUnitReportReporter -->
<testsuite skipped="0" name="april6.StringRev" tests="1" failures="0" timestamp="06 Apr 2022 10:17:27 GMT" time="0.090" errors="0">
  <testcase name="rev" time="0.090" classname="april6.StringRev"/>
</testsuite> <!-- april6.StringRev -->
