<?xml version="1.0" encoding="UTF-8"?>
<!-- Generated by org.testng.reporters.JUnitReportReporter -->
<testsuite skipped="0" name="intervwPgms.DupNos" tests="1" failures="0" timestamp="22 Mar 2022 17:04:37 GMT" time="632.950" errors="0">
  <testcase name="dupNo" time="632.950" classname="intervwPgms.DupNos"/>
</testsuite> <!-- intervwPgms.DupNos -->
