<?xml version="1.0" encoding="UTF-8"?>
<!-- Generated by org.testng.reporters.JUnitReportReporter -->
<testsuite skipped="0" name="programPractice2.DuplWordsWithoutColl" tests="1" failures="0" timestamp="19 Apr 2022 03:13:35 GMT" time="0.090" errors="0">
  <testcase name="withoutColl" time="0.090" classname="programPractice2.DuplWordsWithoutColl"/>
</testsuite> <!-- programPractice2.DuplWordsWithoutColl -->
