<?xml version="1.0" encoding="UTF-8"?>
<!-- Generated by org.testng.reporters.JUnitReportReporter -->
<testsuite skipped="0" hostname="LAPTOP-P09V1KSC" name="practice.BookTrainticket" tests="6" failures="0" timestamp="20 Jan 2022 09:33:22 GMT" time="0.035" errors="0">
  <testcase name="bookticket" time="0.005" classname="practice.BookTrainticket"/>
  <testcase name="bookticket" time="0.002" classname="practice.BookTrainticket"/>
  <testcase name="bookticket" time="0.002" classname="practice.BookTrainticket"/>
  <testcase name="bookticket" time="0.007" classname="practice.BookTrainticket"/>
  <testcase name="bookticket" time="0.004" classname="practice.BookTrainticket"/>
  <testcase name="bookticket" time="0.015" classname="practice.BookTrainticket"/>
</testsuite> <!-- practice.BookTrainticket -->
