<?xml version="1.0" encoding="UTF-8"?>
<!-- Generated by org.testng.reporters.JUnitReportReporter -->
<testsuite skipped="0" name="april6.Launch" tests="1" failures="0" timestamp="06 Apr 2022 12:30:27 GMT" time="3.442" errors="0">
  <testcase name="launch" time="3.442" classname="april6.Launch"/>
</testsuite> <!-- april6.Launch -->
