<?xml version="1.0" encoding="UTF-8"?>
<!-- Generated by org.testng.reporters.JUnitReportReporter -->
<testsuite skipped="0" name="intervwPgms.ChAfterNo" tests="1" failures="0" timestamp="02 Apr 2022 03:45:48 GMT" time="0.120" errors="0">
  <testcase name="charNo" time="0.120" classname="intervwPgms.ChAfterNo"/>
</testsuite> <!-- intervwPgms.ChAfterNo -->
