<?xml version="1.0" encoding="UTF-8"?>
<!-- Generated by org.testng.reporters.JUnitReportReporter -->
<testsuite skipped="0" name="screenshot.takess" tests="1" failures="0" timestamp="16 Apr 2022 14:47:21 GMT" time="12.287" errors="0">
  <testcase name="takescreen" time="12.287" classname="screenshot.takess"/>
</testsuite> <!-- screenshot.takess -->
