<?xml version="1.0" encoding="UTF-8"?>
<!-- Generated by org.testng.reporters.JUnitReportReporter -->
<testsuite skipped="0" name="mockpractice.addStringValue" tests="1" failures="0" timestamp="16 Mar 2022 02:18:22 GMT" time="0.086" errors="0">
  <testcase name="addValues" time="0.086" classname="mockpractice.addStringValue"/>
</testsuite> <!-- mockpractice.addStringValue -->
