<?xml version="1.0" encoding="UTF-8"?>
<!-- Generated by org.testng.reporters.JUnitReportReporter -->
<testsuite skipped="0" name="mockPractice2.ExcelWrite" tests="1" failures="0" timestamp="02 Apr 2022 08:56:49 GMT" time="1.271" errors="0">
  <testcase name="writeData" time="1.271" classname="mockPractice2.ExcelWrite"/>
</testsuite> <!-- mockPractice2.ExcelWrite -->
