<?xml version="1.0" encoding="UTF-8"?>
<!-- Generated by org.testng.reporters.JUnitReportReporter -->
<testsuite skipped="0" name="mockpractice.Swaparray" tests="1" failures="0" timestamp="15 Mar 2022 18:26:03 GMT" time="0.087" errors="0">
  <testcase name="swapped" time="0.087" classname="mockpractice.Swaparray"/>
</testsuite> <!-- mockpractice.Swaparray -->
