<?xml version="1.0" encoding="UTF-8"?>
<!-- Generated by org.testng.reporters.JUnitReportReporter -->
<testsuite skipped="0" name="april11.WithoutSort" tests="1" failures="0" timestamp="11 Apr 2022 12:17:43 GMT" time="0.093" errors="0">
  <testcase name="withoutSort" time="0.093" classname="april11.WithoutSort"/>
</testsuite> <!-- april11.WithoutSort -->
