<?xml version="1.0" encoding="UTF-8"?>
<!-- Generated by org.testng.reporters.JUnitReportReporter -->
<testsuite skipped="0" name="practice.BookTrainticket" tests="6" failures="0" timestamp="05 Apr 2022 17:00:20 GMT" time="0.134" errors="0">
  <testcase name="bookticket" time="0.006" classname="practice.BookTrainticket"/>
  <testcase name="bookticket" time="0.100" classname="practice.BookTrainticket"/>
  <testcase name="bookticket" time="0.006" classname="practice.BookTrainticket"/>
  <testcase name="bookticket" time="0.007" classname="practice.BookTrainticket"/>
  <testcase name="bookticket" time="0.010" classname="practice.BookTrainticket"/>
  <testcase name="bookticket" time="0.005" classname="practice.BookTrainticket"/>
</testsuite> <!-- practice.BookTrainticket -->
