<?xml version="1.0" encoding="UTF-8"?>
<!-- Generated by org.testng.reporters.JUnitReportReporter -->
<testsuite skipped="0" hostname="LAPTOP-P09V1KSC" name="practice.BookTrainticketthree" tests="3" failures="0" timestamp="20 Jan 2022 09:53:30 GMT" time="0.029" errors="0">
  <testcase name="boowiththree" time="0.003" classname="practice.BookTrainticketthree"/>
  <testcase name="boowiththree" time="0.003" classname="practice.BookTrainticketthree"/>
  <testcase name="boowiththree" time="0.023" classname="practice.BookTrainticketthree"/>
</testsuite> <!-- practice.BookTrainticketthree -->
