<?xml version="1.0" encoding="UTF-8"?>
<!-- Generated by org.testng.reporters.JUnitReportReporter -->
<testsuite skipped="0" name="programPractice2.ThreeAddi" tests="1" failures="0" timestamp="19 Apr 2022 03:17:27 GMT" time="0.191" errors="0">
  <testcase name="addition3" time="0.191" classname="programPractice2.ThreeAddi"/>
</testsuite> <!-- programPractice2.ThreeAddi -->
