<?xml version="1.0" encoding="UTF-8"?>
<!-- Generated by org.testng.reporters.JUnitReportReporter -->
<testsuite skipped="0" name="programPractice2.DuplWordsColl" tests="1" failures="0" timestamp="19 Apr 2022 03:13:12 GMT" time="0.130" errors="0">
  <testcase name="duplWords" time="0.130" classname="programPractice2.DuplWordsColl"/>
</testsuite> <!-- programPractice2.DuplWordsColl -->
