<?xml version="1.0" encoding="UTF-8"?>
<!-- Generated by org.testng.reporters.JUnitReportReporter -->
<testsuite skipped="0" name="programPractice2.YesNo" tests="1" failures="0" timestamp="19 Apr 2022 03:18:45 GMT" time="0.126" errors="0">
  <testcase name="yess" time="0.126" classname="programPractice2.YesNo"/>
</testsuite> <!-- programPractice2.YesNo -->
