<?xml version="1.0" encoding="UTF-8"?>
<!-- Generated by org.testng.reporters.JUnitReportReporter -->
<testsuite skipped="0" hostname="LAPTOP-P09V1KSC" name="practice.ProrityEx" tests="6" failures="0" timestamp="28 Jan 2022 03:53:26 GMT" time="0.036" errors="0">
  <testcase name="tata" time="0.002" classname="practice.ProrityEx"/>
  <testcase name="tata" time="0.002" classname="practice.ProrityEx"/>
  <testcase name="hi" time="0.013" classname="practice.ProrityEx"/>
  <testcase name="bye" time="0.002" classname="practice.ProrityEx"/>
  <testcase name="hi" time="0.015" classname="practice.ProrityEx"/>
  <testcase name="hi" time="0.002" classname="practice.ProrityEx"/>
</testsuite> <!-- practice.ProrityEx -->
