<?xml version="1.0" encoding="UTF-8"?>
<!-- Generated by org.testng.reporters.JUnitReportReporter -->
<testsuite skipped="0" name="programPractice2.InvTrngle" tests="1" failures="0" timestamp="28 Mar 2022 14:13:15 GMT" time="0.088" errors="0">
  <testcase name="inverted" time="0.088" classname="programPractice2.InvTrngle"/>
</testsuite> <!-- programPractice2.InvTrngle -->
