<?xml version="1.0" encoding="UTF-8"?>
<!-- Generated by org.testng.reporters.JUnitReportReporter -->
<testsuite skipped="0" name="april6.Fibo" tests="1" failures="0" timestamp="06 Apr 2022 09:42:18 GMT" time="5.062" errors="0">
  <testcase name="fibonacci" time="5.062" classname="april6.Fibo"/>
</testsuite> <!-- april6.Fibo -->
