<?xml version="1.0" encoding="UTF-8"?>
<!-- Generated by org.testng.reporters.JUnitReportReporter -->
<testsuite skipped="0" name="intervwPgms.ChAfterNo" tests="1" failures="0" timestamp="06 Apr 2022 19:30:10 GMT" time="0.103" errors="0">
  <testcase name="charNo" time="0.103" classname="intervwPgms.ChAfterNo"/>
</testsuite> <!-- intervwPgms.ChAfterNo -->
