<?xml version="1.0" encoding="UTF-8"?>
<!-- Generated by org.testng.reporters.JUnitReportReporter -->
<testsuite skipped="0" hostname="LAPTOP-P09V1KSC" name="com.crm.comcast_OrganisationPOMTest.CreateOrgTest" tests="1" failures="0" timestamp="20 Jan 2022 18:08:53 GMT" time="26.770" errors="0">
  <testcase name="createOrgTest" time="26.770" classname="com.crm.comcast_OrganisationPOMTest.CreateOrgTest"/>
</testsuite> <!-- com.crm.comcast_OrganisationPOMTest.CreateOrgTest -->
