<?xml version="1.0" encoding="UTF-8"?>
<!-- Generated by org.testng.reporters.JUnitReportReporter -->
<testsuite skipped="0" hostname="LAPTOP-P09V1KSC" name="com.crm.comcast.contactTest.ContactTest" tests="2" failures="0" timestamp="11 Feb 2022 16:13:20 GMT" time="83.048" errors="0">
  <testcase name="createContactTest" time="33.865" classname="com.crm.comcast.contactTest.ContactTest"/>
  <testcase name="createContactWithOrgTest" time="49.183" classname="com.crm.comcast.contactTest.ContactTest"/>
</testsuite> <!-- com.crm.comcast.contactTest.ContactTest -->
