<?xml version="1.0" encoding="UTF-8"?>
<!-- Generated by org.testng.reporters.JUnitReportReporter -->
<testsuite skipped="0" name="xpath.Incog" tests="1" failures="0" timestamp="29 Mar 2022 15:54:55 GMT" time="5.155" errors="0">
  <testcase name="incognito" time="5.155" classname="xpath.Incog"/>
</testsuite> <!-- xpath.Incog -->
