<?xml version="1.0" encoding="UTF-8"?>
<!-- Generated by org.testng.reporters.JUnitReportReporter -->
<testsuite skipped="0" hostname="LAPTOP-P09V1KSC" name="com.crm.comcast_OrganisationPOMTest.Organisation" tests="2" failures="0" timestamp="02 Feb 2022 09:46:27 GMT" time="62.262" errors="0">
  <testcase name="createOrgTest" time="33.043" classname="com.crm.comcast_OrganisationPOMTest.Organisation"/>
  <testcase name="createOrgWithInd" time="29.219" classname="com.crm.comcast_OrganisationPOMTest.Organisation"/>
</testsuite> <!-- com.crm.comcast_OrganisationPOMTest.Organisation -->
