<?xml version="1.0" encoding="UTF-8"?>
<!-- Generated by org.testng.reporters.JUnitReportReporter -->
<testsuite skipped="0" hostname="LAPTOP-P09V1KSC" name="practice.SampleforScreenshot" tests="1" failures="0" timestamp="22 Jan 2022 10:27:14 GMT" time="12.325" errors="0">
  <testcase name="screnshotsamplescript" time="12.325" classname="practice.SampleforScreenshot"/>
</testsuite> <!-- practice.SampleforScreenshot -->
