<?xml version="1.0" encoding="UTF-8"?>
<!-- Generated by org.testng.reporters.JUnitReportReporter -->
<testsuite skipped="0" name="xpath.IccTestRank" tests="1" failures="0" timestamp="29 Mar 2022 16:10:41 GMT" time="7.628" errors="0">
  <testcase name="rankings" time="7.628" classname="xpath.IccTestRank"/>
</testsuite> <!-- xpath.IccTestRank -->
