<?xml version="1.0" encoding="UTF-8"?>
<!-- Generated by org.testng.reporters.JUnitReportReporter -->
<testsuite skipped="0" name="xpath.Sample" tests="1" failures="0" timestamp="09 Mar 2022 10:28:18 GMT" time="0.016" errors="0">
  <testcase name="simple" time="0.016" classname="xpath.Sample"/>
</testsuite> <!-- xpath.Sample -->
