<?xml version="1.0" encoding="UTF-8"?>
<!-- Generated by org.testng.reporters.JUnitReportReporter -->
<testsuite skipped="0" hostname="LAPTOP-P09V1KSC" name="practice.DeBuG" tests="1" failures="0" timestamp="02 Mar 2022 07:43:23 GMT" time="9.538" errors="0">
  <testcase name="debuGG" time="9.538" classname="practice.DeBuG"/>
</testsuite> <!-- practice.DeBuG -->
