<?xml version="1.0" encoding="UTF-8"?>
<!-- Generated by org.testng.reporters.JUnitReportReporter -->
<testsuite skipped="0" hostname="LAPTOP-P09V1KSC" name="practice.AssDataPrvdr" tests="4" failures="0" timestamp="02 Feb 2022 11:21:21 GMT" time="97.911" errors="0">
  <testcase name="createOrgWithInd" time="24.040" classname="practice.AssDataPrvdr"/>
  <testcase name="createOrgWithInd" time="24.430" classname="practice.AssDataPrvdr"/>
  <testcase name="createOrgWithInd" time="24.192" classname="practice.AssDataPrvdr"/>
  <testcase name="createOrgWithInd" time="25.249" classname="practice.AssDataPrvdr"/>
</testsuite> <!-- practice.AssDataPrvdr -->
