<?xml version="1.0" encoding="UTF-8"?>
<!-- Generated by org.testng.reporters.JUnitReportReporter -->
<testsuite skipped="0" name="april11.StaR" tests="1" failures="0" timestamp="11 Apr 2022 06:27:07 GMT" time="0.095" errors="0">
  <testcase name="belowAngle" time="0.095" classname="april11.StaR"/>
</testsuite> <!-- april11.StaR -->
