<?xml version="1.0" encoding="UTF-8"?>
<!-- Generated by org.testng.reporters.JUnitReportReporter -->
<testsuite skipped="0" name="programPractice2.StaRPrint" tests="1" failures="0" timestamp="04 Apr 2022 09:35:54 GMT" time="0.101" errors="0">
  <testcase name="star" time="0.101" classname="programPractice2.StaRPrint"/>
</testsuite> <!-- programPractice2.StaRPrint -->
