<?xml version="1.0" encoding="UTF-8"?>
<!-- Generated by org.testng.reporters.JUnitReportReporter -->
<testsuite skipped="0" name="programPractice2.MaxLength" tests="1" failures="0" timestamp="28 Mar 2022 16:00:45 GMT" time="0.096" errors="0">
  <testcase name="maxii" time="0.096" classname="programPractice2.MaxLength"/>
</testsuite> <!-- programPractice2.MaxLength -->
