<?xml version="1.0" encoding="UTF-8"?>
<!-- Generated by org.testng.reporters.JUnitReportReporter -->
<testsuite skipped="0" name="april11.Triangle" tests="1" failures="0" timestamp="11 Apr 2022 11:10:27 GMT" time="0.091" errors="0">
  <testcase name="traing" time="0.091" classname="april11.Triangle"/>
</testsuite> <!-- april11.Triangle -->
