<?xml version="1.0" encoding="UTF-8"?>
<!-- Generated by org.testng.reporters.JUnitReportReporter -->
<testsuite skipped="0" name="apr14.launchBrowser" tests="1" failures="0" timestamp="18 Apr 2022 12:50:57 GMT" time="9.044" errors="0">
  <testcase name="launch" time="9.044" classname="apr14.launchBrowser"/>
</testsuite> <!-- apr14.launchBrowser -->
