<?xml version="1.0" encoding="UTF-8"?>
<!-- Generated by org.testng.reporters.JUnitReportReporter -->
<testsuite skipped="0" hostname="LAPTOP-P09V1KSC" name="practice.ConfigTest" tests="3" failures="0" timestamp="20 Jan 2022 16:23:13 GMT" time="0.017" errors="0">
  <testcase name="createContact2" time="0.004" classname="practice.ConfigTest"/>
  <testcase name="OrgContact" time="0.007" classname="practice.ConfigTest"/>
  <testcase name="createContact3" time="0.006" classname="practice.ConfigTest"/>
</testsuite> <!-- practice.ConfigTest -->
