<?xml version="1.0" encoding="UTF-8"?>
<!-- Generated by org.testng.reporters.JUnitReportReporter -->
<testsuite skipped="0" hostname="LAPTOP-P09V1KSC" name="practice.projectunit" tests="1" failures="0" timestamp="13 Jan 2022 05:23:17 GMT" time="0.528" errors="0">
  <testcase name="projectunit" time="0.528" classname="practice.projectunit"/>
</testsuite> <!-- practice.projectunit -->
