<?xml version="1.0" encoding="UTF-8"?>
<!-- Generated by org.testng.reporters.JUnitReportReporter -->
<testsuite skipped="0" name="programPractice2.ThreeAddi" tests="1" failures="0" timestamp="28 Mar 2022 14:49:21 GMT" time="0.107" errors="0">
  <testcase name="addition3" time="0.107" classname="programPractice2.ThreeAddi"/>
</testsuite> <!-- programPractice2.ThreeAddi -->
