<?xml version="1.0" encoding="UTF-8"?>
<!-- Generated by org.testng.reporters.JUnitReportReporter -->
<testsuite skipped="0" name="programPractice2.FlipSearch" tests="1" failures="0" timestamp="01 Apr 2022 10:55:10 GMT" time="14.895" errors="0">
  <testcase name="search" time="14.895" classname="programPractice2.FlipSearch"/>
</testsuite> <!-- programPractice2.FlipSearch -->
