<?xml version="1.0" encoding="UTF-8"?>
<!-- Generated by org.testng.reporters.JUnitReportReporter -->
<testsuite skipped="0" hostname="LAPTOP-P09V1KSC" name="com.crm.comcast_OrganisationPOMTest.Organisation" tests="2" failures="0" timestamp="28 Jan 2022 17:12:44 GMT" time="64.749" errors="0">
  <testcase name="createOrgWithInd" time="26.621" classname="com.crm.comcast_OrganisationPOMTest.Organisation"/>
  <testcase name="createOrgTest" time="38.128" classname="com.crm.comcast_OrganisationPOMTest.Organisation"/>
</testsuite> <!-- com.crm.comcast_OrganisationPOMTest.Organisation -->
