<?xml version="1.0" encoding="UTF-8"?>
<!-- Generated by org.testng.reporters.JUnitReportReporter -->
<testsuite skipped="0" name="programPractice2.LongPAl" tests="1" failures="0" timestamp="30 Mar 2022 15:34:50 GMT" time="0.255" errors="0">
  <testcase name="longest" time="0.255" classname="programPractice2.LongPAl"/>
</testsuite> <!-- programPractice2.LongPAl -->
