<?xml version="1.0" encoding="UTF-8"?>
<!-- Generated by org.testng.reporters.JUnitReportReporter -->
<testsuite skipped="0" name="april6.PrimeNos" tests="1" failures="0" timestamp="06 Apr 2022 10:05:05 GMT" time="0.120" errors="0">
  <testcase name="primeno" time="0.120" classname="april6.PrimeNos"/>
</testsuite> <!-- april6.PrimeNos -->
