<?xml version="1.0" encoding="UTF-8"?>
<!-- Generated by org.testng.reporters.JUnitReportReporter -->
<testsuite skipped="0" hostname="LAPTOP-P09V1KSC" name="com.crm.comcast_OrganisationPOMTest.OrganisationTest" tests="2" failures="0" timestamp="04 Feb 2022 04:37:08 GMT" time="48.540" errors="0">
  <testcase name="createOrgWithInd" time="23.408" classname="com.crm.comcast_OrganisationPOMTest.OrganisationTest"/>
  <testcase name="createOrgTest" time="25.132" classname="com.crm.comcast_OrganisationPOMTest.OrganisationTest"/>
</testsuite> <!-- com.crm.comcast_OrganisationPOMTest.OrganisationTest -->
